This is e-pTeX, Version 3.14159265-p3.6-141210-2.6 (utf8.euc) (TeX Live 2015) (preloaded format=platex 2015.11.17)  2 FEB 2016 14:15
entering extended mode
 restricted \write18 enabled.
 file:line:error style messages enabled.
 %&-line parsing enabled.
**thesis
(./thesis.tex
pLaTeX2e <2006/11/10> (based on LaTeX2e <2015/01/01> patch level 0)
Babel <3.9l> and hyphenation patterns for 79 languages loaded.
(./iscs-thesis.cls
Document Class: iscs-thesis 2014/09/02 v1.3b Dept of IS/CS thesis class
\bindoffset=\skip41
\c@part=\count81
\c@chapter=\count82
\c@section=\count83
\c@subsection=\count84
\c@subsubsection=\count85
\c@paragraph=\count86
\c@subparagraph=\count87
\eabstractbox=\box41
\jabstractbox=\box42
\c@figure=\count88
\c@table=\count89
\abovecaptionskip=\skip42
\belowcaptionskip=\skip43
\bibindent=\dimen118
) (/usr/local/texlive/2015/texmf-dist/tex/latex/graphics/graphicx.sty
Package: graphicx 2014/10/28 v1.0g Enhanced LaTeX Graphics (DPC,SPQR)

(/usr/local/texlive/2015/texmf-dist/tex/latex/graphics/keyval.sty
Package: keyval 2014/10/28 v1.15 key=value parser (DPC)
\KV@toks@=\toks15
)
(/usr/local/texlive/2015/texmf-dist/tex/latex/graphics/graphics.sty
Package: graphics 2014/10/28 v1.0p Standard LaTeX Graphics (DPC,SPQR)

(/usr/local/texlive/2015/texmf-dist/tex/latex/graphics/trig.sty
Package: trig 1999/03/16 v1.09 sin cos tan (DPC)
)
(/usr/local/texlive/2015/texmf-dist/tex/latex/latexconfig/graphics.cfg
File: graphics.cfg 2010/04/23 v1.9 graphics configuration of TeX Live
)
Package graphics Info: Driver file: dvipdfmx.def on input line 94.

(/usr/local/texlive/2015/texmf-dist/tex/latex/dvipdfmx-def/dvipdfmx.def
File: dvipdfmx.def 2015/03/26 v4.04 LaTeX color/graphics driver for dvipdfmx (T
eX Live/ChoF)
))
\Gin@req@height=\dimen119
\Gin@req@width=\dimen120
)
(/usr/local/texlive/2015/texmf-dist/tex/latex/listings/listings.sty
\lst@mode=\count90
\lst@gtempboxa=\box43
\lst@token=\toks16
\lst@length=\count91
\lst@currlwidth=\dimen121
\lst@column=\count92
\lst@pos=\count93
\lst@lostspace=\dimen122
\lst@width=\dimen123
\lst@newlines=\count94
\lst@lineno=\count95
\lst@maxwidth=\dimen124

(/usr/local/texlive/2015/texmf-dist/tex/latex/listings/lstmisc.sty
File: lstmisc.sty 2014/09/06 1.5e (Carsten Heinz)
\c@lstnumber=\count96
\lst@skipnumbers=\count97
\lst@framebox=\box44
)
(/usr/local/texlive/2015/texmf-dist/tex/latex/listings/listings.cfg
File: listings.cfg 2014/09/06 1.5e listings configuration
))
Package: listings 2014/09/06 1.5e (Carsten Heinz)

(./jlisting.sty
Package: jlisting 2006/02/20 0.2 (Thor)
\lst@nextchar=\count98
\lst@inputfile=\read1
)
(/usr/local/texlive/2015/texmf-dist/tex/latex/listings/lstlang1.sty
File: lstlang1.sty 2014/09/06 1.5e listings language file
)
(/usr/local/texlive/2015/texmf-dist/tex/latex/listings/lstmisc.sty
File: lstmisc.sty 2014/09/06 1.5e (Carsten Heinz)
)
(./thesis.aux)
\openout1 = `thesis.aux'.

LaTeX Font Info:    Checking defaults for OML/cmm/m/it on input line 37.
LaTeX Font Info:    ... okay on input line 37.
LaTeX Font Info:    Checking defaults for T1/cmr/m/n on input line 37.
LaTeX Font Info:    ... okay on input line 37.
LaTeX Font Info:    Checking defaults for OT1/cmr/m/n on input line 37.
LaTeX Font Info:    ... okay on input line 37.
LaTeX Font Info:    Checking defaults for OMS/cmsy/m/n on input line 37.
LaTeX Font Info:    ... okay on input line 37.
LaTeX Font Info:    Checking defaults for OMX/cmex/m/n on input line 37.
LaTeX Font Info:    ... okay on input line 37.
LaTeX Font Info:    Checking defaults for U/cmr/m/n on input line 37.
LaTeX Font Info:    ... okay on input line 37.
LaTeX Font Info:    Checking defaults for JY1/mc/m/n on input line 37.
LaTeX Font Info:    ... okay on input line 37.
LaTeX Font Info:    Checking defaults for JT1/mc/m/n on input line 37.
LaTeX Font Info:    ... okay on input line 37.
\c@lstlisting=\count99
LaTeX Font Info:    Font shape `JT1/mc/bx/n' in size <10> not available
(Font)              Font shape `JT1/gt/m/n' tried instead on input line 38.
LaTeX Font Info:    Font shape `JY1/mc/bx/n' in size <10> not available
(Font)              Font shape `JY1/gt/m/n' tried instead on input line 38.
 [1

] [2]
LaTeX Font Info:    Font shape `JT1/mc/bx/n' in size <17.28> not available
(Font)              Font shape `JT1/gt/m/n' tried instead on input line 52.
LaTeX Font Info:    Font shape `JY1/mc/bx/n' in size <17.28> not available
(Font)              Font shape `JY1/gt/m/n' tried instead on input line 52.
 [3] (./thesis.toc
LaTeX Font Info:    Font shape `JT1/mc/bx/n' in size <10.95> not available
(Font)              Font shape `JT1/gt/m/n' tried instead on input line 1.
LaTeX Font Info:    Font shape `JY1/mc/bx/n' in size <10.95> not available
(Font)              Font shape `JY1/gt/m/n' tried instead on input line 1.
LaTeX Font Info:    External font `cmex10' loaded for size
(Font)              <10.95> on input line 2.
LaTeX Font Info:    External font `cmex10' loaded for size
(Font)              <8> on input line 2.
LaTeX Font Info:    External font `cmex10' loaded for size
(Font)              <6> on input line 2.
 [4


])
\tf@toc=\write3
\openout3 = `thesis.toc'.

 [5]
Chapter 1.
LaTeX Font Info:    Font shape `JT1/mc/bx/n' in size <12> not available
(Font)              Font shape `JT1/gt/m/n' tried instead on input line 84.
LaTeX Font Info:    Font shape `JY1/mc/bx/n' in size <12> not available
(Font)              Font shape `JY1/gt/m/n' tried instead on input line 84.
[1


]
File: intro.png Graphic file (type bmp)
 <intro.png> [2] [3]
Chapter 2.
LaTeX Font Info:    Font shape `JT1/gt/m/it' in size <10.95> not available
(Font)              Font shape `JT1/gt/m/n' tried instead on input line 140.
LaTeX Font Info:    Font shape `JY1/gt/m/it' in size <10.95> not available
(Font)              Font shape `JY1/gt/m/n' tried instead on input line 140.
[4

]
File: workflow.png Graphic file (type bmp)
 <workflow.png>
Overfull \hbox (2.7148pt too wide) detected at line 175
\OML/cmm/m/it/10.95 Figure\OT1/cmr/m/n/10.95 2 : \OML/cmm/m/it/10.95 Workflow [
]template []with []service []tasks []and []its []corresponding []services
 []


Overfull \hbox (0.49757pt too wide) in paragraph at lines 188--189
\OT1/cmr/m/n/10.95 where start ser-vices = a set of W.FT.services, end ser-vice
s = a set of W.IT.services 
 []

[5] [6]
Chapter 3.
[7

] [8]
Chapter 4.

Overfull \hbox (34.2152pt too wide) detected at line 254
\OML/cmm/m/it/10.95 Variation \OT1/cmr/m/n/10.95 = (\OML/cmm/m/it/10.95 i[]; o[
]\OT1/cmr/m/n/10.95 )\OML/cmm/m/it/10.95 ; where []i[] \OMS/cmsy/m/n/10.95 ^^Z 
\OML/cmm/m/it/10.95 P\OT1/cmr/m/n/10.95 (\OML/cmm/m/it/10.95 Strong\OT1/cmr/m/n
/10.95 (\OML/cmm/m/it/10.95 i\OT1/cmr/m/n/10.95 )\OML/cmm/m/it/10.95 ; Weak\OT1
/cmr/m/n/10.95 (\OML/cmm/m/it/10.95 i\OT1/cmr/m/n/10.95 )\OML/cmm/m/it/10.95 ; 
i\OT1/cmr/m/n/10.95 )\OML/cmm/m/it/10.95 ; o[] \OMS/cmsy/m/n/10.95 ^^Z \OML/cmm
/m/it/10.95 P\OT1/cmr/m/n/10.95 (\OML/cmm/m/it/10.95 Strong\OT1/cmr/m/n/10.95 (
\OML/cmm/m/it/10.95 o\OT1/cmr/m/n/10.95 )\OML/cmm/m/it/10.95 ; Weak\OT1/cmr/m/n
/10.95 (\OML/cmm/m/it/10.95 o\OT1/cmr/m/n/10.95 )\OML/cmm/m/it/10.95 ; o\OT1/cm
r/m/n/10.95 )
 []

[9

]
File: variation1.png Graphic file (type bmp)
 <variation1.png>
File: variation2.png Graphic file (type bmp)
 <variation2.png>
File: variation3.png Graphic file (type bmp)
 <variation3.png> [10]
Overfull \hbox (63.9112pt too wide) detected at line 317
\OML/cmm/m/it/10.95 FQ[] \OT1/cmr/m/n/10.95 = \OML/cmm/m/it/10.95 FQ \OMS/cmsy/
m/n/10.95 [ \OML/cmm/m/it/10.95 FQ[] \OMS/cmsy/m/n/10.95 [ \OML/cmm/m/it/10.95 
FQ[] \OMS/cmsy/m/n/10.95 [ \OML/cmm/m/it/10.95 FQ[] \OMS/cmsy/m/n/10.95 [ \OML/
cmm/m/it/10.95 FQ[] \OMS/cmsy/m/n/10.95 [ \OML/cmm/m/it/10.95 FQ[] \OMS/cmsy/m/
n/10.95 [ \OML/cmm/m/it/10.95 FQ[] \OMS/cmsy/m/n/10.95 [ \OML/cmm/m/it/10.95 FQ
[] \OMS/cmsy/m/n/10.95 [ \OML/cmm/m/it/10.95 FQ[]
 []

File: scheme.png Graphic file (type bmp)
<scheme.png> [11]
File: skyline1.png Graphic file (type bmp)
 <skyline1.png>
File: skyline2.png Graphic file (type bmp)
 <skyline2.png>
Overfull \hbox (9.73334pt too wide) detected at line 408
[] [] [] [] [][]
 []

[12]
LaTeX Font Info:    Try loading font information for OMS+cmr on input line 421.

 (/usr/local/texlive/2015/texmf-dist/tex/latex/base/omscmr.fd
File: omscmr.fd 2014/09/29 v2.5h Standard LaTeX font definitions
)
LaTeX Font Info:    Font shape `OMS/cmr/m/n' in size <10> not available
(Font)              Font shape `OMS/cmsy/m/n' tried instead on input line 421.
LaTeX Font Info:    External font `cmex10' loaded for size
(Font)              <7> on input line 426.
LaTeX Font Info:    External font `cmex10' loaded for size
(Font)              <5> on input line 426.

Overfull \hbox (9.10553pt too wide) in paragraph at lines 433--434
[]\OT1/cmr/m/n/10.95 Advantages of sky-line al-go-rithm over full search could 
be il-lus-trated by analysing
 []

[13] [14]
Chapter 5.
File: eval2-1.png Graphic file (type bmp)
<eval2-1.png> [15

]
File: eval1.png Graphic file (type bmp)
 <eval1.png>
File: eval3.png Graphic file (type bmp)
 <eval3.png> [16] [17]
Chapter 6.
[18

] [19]
Chapter 7.
(./thesis.bbl [20

] [21

]) [22] (./thesis.aux) ) 
Here is how much of TeX's memory you used:
 2358 strings out of 493777
 31987 string characters out of 6151333
 175905 words of memory out of 5000000
 5850 multiletter control sequences out of 15000+600000
 15513 words of font info for 60 fonts, out of 8000000 for 9000
 929 hyphenation exceptions out of 8191
 26i,6n,49p,1898b,1617s stack positions out of 5000i,500n,10000p,200000b,80000s

Output written on thesis.dvi (27 pages, 79228 bytes).
